{
  "RSpec": {
    "coverage": {
      "/home/ananya.p/meal_planner/app/helpers/application_helper.rb": {
        "lines": [
          1,
          null
        ],
        "branches": {}
      },
      "/home/ananya.p/meal_planner/app/helpers/pages_helper.rb": {
        "lines": [
          1,
          null
        ],
        "branches": {}
      },
      "/home/ananya.p/meal_planner/app/helpers/payments_helper.rb": {
        "lines": [
          1,
          null
        ],
        "branches": {}
      },
      "/home/ananya.p/meal_planner/app/helpers/recipes_helper.rb": {
        "lines": [
          1,
          null
        ],
        "branches": {}
      },
      "/home/ananya.p/meal_planner/app/helpers/role_selections_helper.rb": {
        "lines": [
          1,
          null
        ],
        "branches": {}
      },
      "/home/ananya.p/meal_planner/app/helpers/users_helper.rb": {
        "lines": [
          1,
          null
        ],
        "branches": {}
      },
      "/home/ananya.p/meal_planner/app/models/admin_user.rb": {
        "lines": [
          1,
          null,
          null,
          1,
          null,
          null,
          1,
          16,
          null,
          null,
          null
        ],
        "branches": {}
      },
      "/home/ananya.p/meal_planner/app/models/application_record.rb": {
        "lines": [
          1,
          1,
          null
        ],
        "branches": {}
      },
      "/home/ananya.p/meal_planner/app/models/comment.rb": {
        "lines": [
          1,
          1,
          1,
          1,
          null,
          1,
          1,
          null,
          null,
          1,
          1,
          null,
          null,
          null,
          null
        ],
        "branches": {}
      },
      "/home/ananya.p/meal_planner/app/models/ingredient.rb": {
        "lines": [
          1,
          1,
          1,
          1,
          1,
          5,
          null,
          null,
          1,
          1,
          null,
          null,
          null,
          null
        ],
        "branches": {}
      },
      "/home/ananya.p/meal_planner/app/models/item.rb": {
        "lines": [
          1,
          1,
          1,
          1,
          null,
          1,
          85,
          null,
          null,
          1,
          1,
          null,
          null
        ],
        "branches": {}
      },
      "/home/ananya.p/meal_planner/app/models/meal_plan_item.rb": {
        "lines": [
          1,
          1,
          1,
          null,
          1,
          null,
          1,
          1,
          1,
          null,
          1,
          3,
          2,
          null,
          null,
          1,
          1,
          null,
          null,
          1,
          1,
          null,
          null
        ],
        "branches": {
          "[:if, 0, 12, 4, 12, 38]": {
            "[:then, 1, 12, 4, 12, 20]": 1,
            "[:else, 2, 12, 4, 12, 38]": 2
          },
          "[:if, 3, 13, 4, 13, 73]": {
            "[:then, 4, 13, 36, 13, 51]": 1,
            "[:else, 5, 13, 54, 13, 73]": 1
          }
        }
      },
      "/home/ananya.p/meal_planner/app/models/meal_plan.rb": {
        "lines": [
          1,
          1,
          1,
          1,
          1,
          1,
          1,
          1,
          null,
          null,
          1,
          7,
          null,
          null,
          null,
          1,
          null,
          3,
          null,
          null,
          1,
          1,
          null,
          null,
          1,
          1,
          null,
          null,
          null
        ],
        "branches": {}
      },
      "/home/ananya.p/meal_planner/app/models/payment.rb": {
        "lines": [
          1,
          1,
          1,
          null,
          1,
          null,
          null,
          6,
          6,
          1,
          null,
          null,
          1,
          75,
          null,
          null,
          1,
          21,
          null,
          1,
          35,
          null,
          1,
          null,
          33,
          null,
          1,
          null,
          null,
          null,
          1,
          null,
          1,
          8,
          7,
          1,
          1,
          null,
          null
        ],
        "branches": {
          "[:case, 0, 21, 4, 28, 7]": {
            "[:when, 1, 23, 6, 23, 46]": 1,
            "[:when, 2, 25, 6, 25, 41]": 33,
            "[:else, 3, 27, 6, 27, 20]": 1
          },
          "[:if, 4, 34, 4, 38, 7]": {
            "[:then, 5, 35, 6, 35, 51]": 7,
            "[:else, 6, 36, 4, 38, 7]": 1
          },
          "[:if, 7, 36, 4, 38, 7]": {
            "[:then, 8, 37, 6, 37, 52]": 1,
            "[:else, 9, 36, 4, 38, 7]": 0
          }
        }
      },
      "/home/ananya.p/meal_planner/app/models/recipe_ingredient.rb": {
        "lines": [
          1,
          1,
          1,
          null,
          1,
          null,
          1,
          1,
          1,
          1,
          null,
          1,
          null,
          1,
          null,
          null,
          1,
          1,
          null,
          null,
          null,
          1,
          null,
          1,
          34,
          2,
          null,
          null,
          null
        ],
        "branches": {
          "[:if, 0, 25, 4, 27, 7]": {
            "[:then, 1, 26, 6, 26, 85]": 2,
            "[:else, 2, 25, 4, 27, 7]": 32
          }
        }
      },
      "/home/ananya.p/meal_planner/app/models/recipe.rb": {
        "lines": [
          1,
          1,
          1,
          1,
          1,
          1,
          1,
          null,
          1,
          null,
          null,
          1,
          1,
          1,
          null,
          1,
          43,
          null,
          null,
          1,
          15,
          null,
          null,
          1,
          null,
          1,
          153,
          null,
          4,
          4,
          null,
          null,
          null
        ],
        "branches": {
          "[:if, 0, 27, 4, 27, 33]": {
            "[:then, 1, 27, 4, 27, 10]": 149,
            "[:else, 2, 27, 4, 27, 33]": 4
          },
          "[:unless, 3, 30, 4, 30, 51]": {
            "[:else, 4, 30, 4, 30, 51]": 1,
            "[:then, 5, 30, 4, 30, 20]": 3
          }
        }
      },
      "/home/ananya.p/meal_planner/app/models/shopping_list_item.rb": {
        "lines": [
          1,
          1,
          1,
          1,
          null,
          1,
          3,
          1,
          1,
          null,
          1,
          1,
          null,
          null
        ],
        "branches": {}
      },
      "/home/ananya.p/meal_planner/app/models/tag.rb": {
        "lines": [
          1,
          1,
          1,
          null,
          1,
          1,
          null,
          null,
          1,
          1,
          null,
          null,
          null
        ],
        "branches": {}
      },
      "/home/ananya.p/meal_planner/app/models/user.rb": {
        "lines": [
          1,
          null,
          null,
          1,
          null,
          1,
          null,
          null,
          null,
          1,
          1,
          1,
          1,
          1,
          null,
          null,
          1,
          null,
          1,
          null,
          null,
          1,
          46,
          null,
          null,
          1,
          2,
          null,
          null,
          null,
          1,
          1,
          null,
          null,
          null,
          1,
          1,
          null,
          null
        ],
        "branches": {}
      },
      "/home/ananya.p/meal_planner/app/controllers/api/v1/payments_controller.rb": {
        "lines": [
          null,
          1,
          1,
          1,
          null,
          null,
          1,
          null,
          null,
          1,
          9,
          null,
          9,
          null,
          null,
          null,
          null,
          null,
          null,
          null,
          1,
          10,
          null,
          8,
          3,
          null,
          null,
          5,
          null,
          null,
          null,
          null,
          5,
          5,
          null,
          0,
          null,
          null,
          null,
          null,
          1,
          4,
          3,
          null,
          null,
          null,
          1,
          3,
          3,
          null,
          null,
          null,
          1,
          6,
          6,
          null,
          null,
          1,
          null,
          1,
          27,
          null,
          null,
          null,
          null,
          null,
          null,
          null,
          null,
          null,
          1,
          10,
          null,
          null,
          1,
          4,
          null,
          null,
          null
        ],
        "branches": {
          "[:if, 0, 24, 8, 26, 11]": {
            "[:then, 1, 25, 10, 25, 113]": 3,
            "[:else, 2, 24, 8, 26, 11]": 5
          },
          "[:if, 3, 33, 8, 37, 11]": {
            "[:then, 4, 34, 10, 34, 49]": 5,
            "[:else, 5, 36, 10, 36, 95]": 0
          }
        }
      },
      "/home/ananya.p/meal_planner/app/controllers/api/v1/base_controller.rb": {
        "lines": [
          null,
          null,
          1,
          1,
          1,
          null,
          null,
          null,
          null,
          1,
          1,
          null,
          null,
          1,
          null,
          null,
          1,
          1,
          null,
          1,
          1,
          null,
          0,
          null,
          null,
          null,
          null,
          null,
          null,
          null,
          null,
          null,
          null,
          null,
          1,
          140,
          null,
          91,
          91,
          null,
          0,
          null,
          null,
          null,
          null,
          1,
          null,
          16,
          null,
          null,
          null,
          null,
          null,
          null,
          null,
          null,
          1,
          null,
          0,
          null,
          null,
          null,
          null,
          null,
          null,
          null,
          null,
          1,
          11,
          null,
          null,
          1,
          3,
          null,
          null,
          null,
          null
        ],
        "branches": {
          "[:if, 0, 36, 8, 36, 55]": {
            "[:then, 1, 36, 8, 36, 28]": 49,
            "[:else, 2, 36, 8, 36, 55]": 91
          },
          "[:if, 3, 38, 24, 42, 11]": {
            "[:then, 4, 39, 10, 39, 62]": 91,
            "[:else, 5, 41, 10, 41, 13]": 0
          }
        }
      },
      "/home/ananya.p/meal_planner/app/controllers/api/v1/recipes_controller.rb": {
        "lines": [
          null,
          1,
          1,
          1,
          1,
          1,
          1,
          null,
          null,
          16,
          null,
          null,
          null,
          1,
          4,
          null,
          null,
          4,
          null,
          null,
          4,
          4,
          null,
          null,
          4,
          null,
          1,
          7,
          null,
          null,
          null,
          7,
          5,
          null,
          null,
          null,
          null,
          null,
          null,
          null,
          null,
          2,
          null,
          null,
          null,
          null,
          null,
          1,
          11,
          null,
          null,
          null,
          null,
          null,
          null,
          null,
          null,
          null,
          null,
          null,
          null,
          null,
          null,
          null,
          1,
          7,
          null,
          7,
          4,
          null,
          null,
          null,
          null,
          null,
          null,
          null,
          null,
          3,
          null,
          null,
          null,
          null,
          null,
          1,
          6,
          3,
          null,
          null,
          null,
          null,
          null,
          null,
          null,
          null,
          3,
          null,
          null,
          null,
          null,
          null,
          1,
          2,
          null,
          2,
          null,
          null,
          null,
          null,
          1,
          null,
          1,
          13,
          null,
          null,
          null,
          null,
          null,
          null,
          null,
          null,
          null,
          null,
          null,
          null,
          1,
          25,
          null,
          null,
          null,
          1,
          12,
          4,
          null,
          null,
          null,
          null
        ],
        "branches": {
          "[:if, 0, 32, 8, 43, 13]": {
            "[:then, 1, 33, 10, 40, 11]": 5,
            "[:else, 2, 42, 12, 42, 76]": 2
          },
          "[:if, 3, 68, 8, 80, 11]": {
            "[:then, 4, 69, 10, 76, 67]": 4,
            "[:else, 5, 78, 10, 79, 46]": 3
          },
          "[:if, 6, 85, 8, 97, 11]": {
            "[:then, 7, 86, 10, 93, 11]": 3,
            "[:else, 8, 95, 10, 96, 46]": 3
          },
          "[:unless, 9, 131, 8, 133, 11]": {
            "[:else, 10, 131, 8, 133, 11]": 8,
            "[:then, 11, 132, 10, 132, 70]": 4
          }
        }
      },
      "/home/ananya.p/meal_planner/app/controllers/payments_controller.rb": {
        "lines": [
          1,
          1,
          1,
          null,
          1,
          3,
          3,
          3,
          null,
          null,
          1,
          4,
          null,
          null,
          3,
          1,
          1,
          null,
          null,
          2,
          null,
          null,
          null,
          null,
          2,
          2,
          null,
          0,
          null,
          null,
          null,
          1,
          2,
          2,
          2,
          null,
          0,
          null,
          null,
          null,
          1,
          3,
          3,
          3,
          null,
          null,
          1,
          4,
          4,
          4,
          null,
          null,
          1,
          null,
          1,
          7,
          null,
          null,
          1,
          2,
          null,
          null,
          1,
          3,
          null,
          0,
          null,
          3,
          null,
          0,
          null,
          null
        ],
        "branches": {
          "[:if, 0, 15, 4, 18, 7]": {
            "[:then, 1, 16, 6, 17, 12]": 1,
            "[:else, 2, 15, 4, 18, 7]": 2
          },
          "[:if, 3, 25, 4, 29, 7]": {
            "[:then, 4, 26, 6, 26, 81]": 2,
            "[:else, 5, 28, 6, 28, 84]": 0
          },
          "[:if, 6, 33, 4, 38, 7]": {
            "[:then, 7, 34, 6, 35, 83]": 2,
            "[:else, 8, 37, 6, 37, 74]": 0
          },
          "[:case, 9, 64, 4, 71, 7]": {
            "[:when, 10, 66, 6, 66, 46]": 0,
            "[:when, 11, 68, 6, 68, 41]": 3,
            "[:else, 12, 70, 6, 70, 12]": 0
          }
        }
      },
      "/home/ananya.p/meal_planner/app/controllers/application_controller.rb": {
        "lines": [
          1,
          null,
          null,
          1,
          1,
          null,
          1,
          null,
          1,
          null,
          null,
          null,
          1,
          null,
          171,
          114,
          98,
          98,
          null,
          null,
          98,
          0,
          0,
          null,
          null,
          null,
          1,
          6,
          1,
          null,
          null,
          null,
          1,
          16,
          16,
          null,
          null,
          1,
          null
        ],
        "branches": {
          "[:unless, 0, 15, 4, 15, 33]": {
            "[:else, 1, 15, 4, 15, 33]": 114,
            "[:then, 2, 15, 4, 15, 10]": 57
          },
          "[:if, 3, 16, 4, 16, 32]": {
            "[:then, 4, 16, 4, 16, 10]": 16,
            "[:else, 5, 16, 4, 16, 32]": 98
          },
          "[:if, 6, 17, 4, 17, 50]": {
            "[:then, 7, 17, 4, 17, 10]": 0,
            "[:else, 8, 17, 4, 17, 50]": 98
          },
          "[:if, 9, 18, 5, 18, 41]": {
            "[:then, 10, 18, 5, 18, 11]": 0,
            "[:else, 11, 18, 5, 18, 41]": 98
          },
          "[:if, 12, 21, 4, 24, 7]": {
            "[:then, 13, 22, 6, 23, 96]": 0,
            "[:else, 14, 21, 4, 24, 7]": 98
          },
          "[:\"&.\", 15, 28, 11, 28, 33]": {
            "[:then, 16, 28, 11, 28, 33]": 5,
            "[:else, 17, 28, 11, 28, 33]": 1
          },
          "[:unless, 18, 28, 4, 30, 7]": {
            "[:else, 19, 28, 4, 30, 7]": 5,
            "[:then, 20, 29, 6, 29, 116]": 1
          }
        }
      },
      "/home/ananya.p/meal_planner/app/controllers/recipes_controller.rb": {
        "lines": [
          1,
          1,
          1,
          1,
          1,
          3,
          null,
          null,
          1,
          5,
          5,
          null,
          null,
          1,
          2,
          null,
          1,
          null,
          null,
          1,
          8,
          8,
          6,
          null,
          2,
          null,
          null,
          null,
          1,
          5,
          3,
          null,
          2,
          null,
          null,
          null,
          1,
          4,
          4,
          null,
          null,
          null,
          1,
          null,
          1,
          13,
          null,
          null,
          null,
          null,
          null,
          null,
          null,
          null,
          null,
          null,
          1,
          27,
          null,
          null,
          1,
          21,
          8,
          null,
          null
        ],
        "branches": {
          "[:if, 0, 22, 4, 26, 7]": {
            "[:then, 1, 23, 6, 23, 52]": 6,
            "[:else, 2, 25, 6, 25, 48]": 2
          },
          "[:if, 3, 30, 4, 34, 7]": {
            "[:then, 4, 31, 6, 31, 65]": 3,
            "[:else, 5, 33, 6, 33, 49]": 2
          },
          "[:if, 6, 62, 4, 64, 7]": {
            "[:then, 7, 63, 6, 63, 86]": 8,
            "[:else, 8, 62, 4, 64, 7]": 13
          }
        }
      },
      "/home/ananya.p/meal_planner/app/admin/admin_users.rb": {
        "lines": [
          1,
          1,
          null,
          1,
          1,
          1,
          1,
          1,
          1,
          1,
          1,
          null,
          null,
          1,
          1,
          1,
          1,
          null,
          1,
          1,
          1,
          1,
          1,
          null,
          1,
          null,
          null,
          null
        ],
        "branches": {}
      },
      "/home/ananya.p/meal_planner/app/admin/comments.rb": {
        "lines": [
          1,
          null,
          null,
          null,
          null,
          null,
          null,
          1,
          null,
          null,
          null,
          null,
          null,
          null,
          null,
          null,
          null,
          1,
          null,
          1,
          0,
          0,
          0,
          0,
          0,
          0,
          0,
          null,
          null,
          null,
          null
        ],
        "branches": {}
      },
      "/home/ananya.p/meal_planner/app/admin/dashboard.rb": {
        "lines": [
          null,
          1,
          13,
          null,
          1,
          0,
          0,
          0,
          0,
          null,
          null,
          null,
          null,
          null,
          null
        ],
        "branches": {}
      },
      "/home/ananya.p/meal_planner/app/admin/ingredients.rb": {
        "lines": [
          1,
          null,
          null,
          1,
          null,
          1,
          1,
          1,
          0,
          0,
          0,
          0,
          0,
          null,
          1,
          0,
          0,
          null,
          0,
          null,
          null
        ],
        "branches": {}
      },
      "/home/ananya.p/meal_planner/app/admin/items.rb": {
        "lines": [
          1,
          null,
          null,
          1,
          null,
          1,
          2,
          2,
          2,
          2,
          2,
          2,
          null,
          null,
          null,
          1,
          1,
          1,
          null,
          null,
          1,
          1,
          1,
          1,
          null,
          1,
          null,
          null
        ],
        "branches": {}
      },
      "/home/ananya.p/meal_planner/app/admin/meal_plan_items.rb": {
        "lines": [
          1,
          null,
          null,
          null,
          null,
          null,
          null,
          1,
          null,
          null,
          null,
          null,
          null,
          null,
          null,
          null,
          1,
          null,
          null,
          1,
          1,
          1,
          1,
          null,
          1,
          0,
          0,
          0,
          0,
          0,
          null,
          0,
          0,
          0,
          0,
          null,
          0,
          null,
          0,
          null,
          1,
          0,
          0,
          0,
          0,
          null,
          null,
          0,
          0,
          0,
          null,
          0,
          null,
          null
        ],
        "branches": {}
      },
      "/home/ananya.p/meal_planner/app/admin/meal_plans.rb": {
        "lines": [
          1,
          null,
          null,
          null,
          null,
          null,
          null,
          1,
          null,
          null,
          null,
          null,
          null,
          null,
          null,
          null,
          null,
          1,
          1,
          1,
          1,
          1,
          0,
          0,
          0,
          0,
          0,
          0,
          null,
          null,
          1,
          0,
          0,
          0,
          0,
          null,
          null,
          0,
          0,
          0,
          0,
          0,
          0,
          0,
          null,
          null,
          null,
          null,
          null
        ],
        "branches": {
          "[:if, 0, 44, 10, 44, 87]": {
            "[:then, 1, 44, 47, 44, 67]": 0,
            "[:else, 2, 44, 70, 44, 87]": 0
          }
        }
      },
      "/home/ananya.p/meal_planner/app/admin/payments.rb": {
        "lines": [
          1,
          null,
          null,
          null,
          null,
          null,
          null,
          1,
          1,
          1,
          1,
          1,
          null,
          null,
          null,
          null,
          null,
          null,
          null,
          null,
          1,
          1,
          null,
          null,
          1,
          1,
          1,
          null,
          null,
          null,
          1,
          1,
          1,
          null,
          null,
          1,
          4,
          4,
          4,
          4,
          4,
          null,
          0,
          null,
          null,
          4,
          4,
          null,
          null,
          1,
          0,
          0,
          null,
          0,
          null,
          null
        ],
        "branches": {
          "[:if, 0, 40, 6, 44, 9]": {
            "[:then, 1, 41, 8, 41, 115]": 4,
            "[:else, 2, 43, 8, 43, 24]": 0
          }
        }
      },
      "/home/ananya.p/meal_planner/app/admin/recipe_ingredients.rb": {
        "lines": [
          1,
          null,
          null,
          null,
          null,
          null,
          null,
          1,
          1,
          null,
          null,
          null,
          null,
          null,
          null,
          null,
          null,
          1,
          0,
          0,
          null,
          0,
          0,
          null,
          null,
          0,
          0,
          null,
          0,
          0,
          0,
          null,
          null,
          null,
          1,
          1,
          1,
          1,
          null
        ],
        "branches": {}
      },
      "/home/ananya.p/meal_planner/app/admin/recipes.rb": {
        "lines": [
          1,
          null,
          null,
          1,
          null,
          null,
          null,
          null,
          null,
          null,
          null,
          1,
          1,
          1,
          1,
          1,
          null,
          null,
          3,
          null,
          null,
          null,
          1,
          null,
          1,
          1,
          1,
          1,
          1,
          1,
          1,
          1,
          1,
          1,
          null,
          1,
          1,
          null,
          1,
          null,
          null,
          null,
          1,
          0,
          null,
          0,
          0,
          0,
          0,
          0,
          0,
          null,
          null,
          0,
          null,
          0,
          null,
          null,
          null,
          0,
          0,
          0,
          0,
          null,
          null,
          null,
          0,
          null,
          null
        ],
        "branches": {}
      },
      "/home/ananya.p/meal_planner/app/admin/shopping_list_items.rb": {
        "lines": [
          1,
          null,
          null,
          1,
          null,
          1,
          1,
          1,
          0,
          null,
          null,
          1,
          1,
          1,
          null,
          1,
          1,
          0,
          0,
          0,
          0,
          0,
          0,
          null,
          null,
          0,
          null,
          null,
          0,
          0,
          null,
          0,
          0,
          0,
          null,
          null,
          null,
          1,
          0,
          0,
          null,
          0,
          null,
          null,
          0,
          null,
          null,
          null,
          null,
          0,
          null,
          null,
          0,
          0,
          null,
          null,
          null,
          0,
          0,
          null,
          0,
          null,
          null
        ],
        "branches": {
          "[:if, 0, 22, 6, 27, 9]": {
            "[:then, 1, 23, 9, 24, 51]": 0,
            "[:else, 2, 26, 8, 26, 51]": 0
          }
        }
      },
      "/home/ananya.p/meal_planner/app/admin/tags.rb": {
        "lines": [
          1,
          null,
          null,
          null,
          null,
          null,
          null,
          1,
          1,
          null,
          null,
          null,
          null,
          null,
          null,
          null,
          null,
          1,
          0,
          0,
          0,
          0,
          null,
          0,
          0,
          null,
          null,
          0,
          null,
          null,
          null,
          1,
          1,
          null,
          null,
          null
        ],
        "branches": {}
      },
      "/home/ananya.p/meal_planner/app/admin/users.rb": {
        "lines": [
          1,
          null,
          null,
          null,
          null,
          null,
          null,
          1,
          null,
          null,
          null,
          null,
          null,
          null,
          null,
          null,
          null,
          null,
          null,
          1,
          0,
          0,
          0,
          0,
          0,
          0,
          0,
          null,
          null,
          1,
          1,
          1,
          1,
          null,
          null,
          1,
          0,
          0,
          0,
          0,
          0,
          null,
          null,
          null,
          0,
          0,
          null,
          0,
          null,
          null,
          1,
          1,
          0,
          0,
          0,
          null,
          0,
          null,
          null
        ],
        "branches": {
          "[:if, 0, 53, 6, 56, 9]": {
            "[:then, 1, 54, 8, 55, 52]": 0,
            "[:else, 2, 53, 6, 56, 9]": 0
          }
        }
      },
      "/home/ananya.p/meal_planner/app/controllers/api/v1/comments_controller.rb": {
        "lines": [
          null,
          1,
          1,
          1,
          null,
          1,
          2,
          2,
          2,
          null,
          null,
          null,
          1,
          2,
          2,
          2,
          null,
          null,
          null,
          2,
          1,
          null,
          null,
          null,
          1,
          2,
          1,
          1,
          null,
          null,
          1,
          null,
          1,
          4,
          14,
          null,
          4,
          null,
          null,
          0,
          null,
          null,
          1,
          2,
          null,
          null,
          null
        ],
        "branches": {
          "[:if, 0, 35, 10, 38, 13]": {
            "[:then, 1, 37, 12, 37, 60]": 4,
            "[:else, 2, 35, 10, 38, 13]": 10
          }
        }
      },
      "/home/ananya.p/meal_planner/app/controllers/api/v1/ingredients_controller.rb": {
        "lines": [
          null,
          1,
          1,
          1,
          1,
          null,
          null,
          1,
          2,
          2,
          null,
          null,
          null,
          1,
          2,
          1,
          null,
          null,
          null,
          1,
          4,
          null,
          3,
          3,
          null,
          0,
          null,
          null,
          null,
          null,
          1,
          null,
          1,
          4,
          null,
          null,
          null
        ],
        "branches": {
          "[:if, 0, 23, 8, 28, 11]": {
            "[:then, 1, 24, 10, 24, 52]": 3,
            "[:else, 2, 26, 10, 27, 46]": 0
          }
        }
      },
      "/home/ananya.p/meal_planner/app/controllers/api/v1/meal_plan_items_controller.rb": {
        "lines": [
          null,
          1,
          1,
          1,
          null,
          1,
          1,
          null,
          1,
          0,
          null,
          null,
          null,
          0,
          0,
          null,
          null,
          null,
          1,
          3,
          3,
          null,
          3,
          2,
          null,
          null,
          null,
          null,
          1,
          null,
          null,
          null,
          null,
          null,
          null,
          1,
          1,
          1,
          0,
          null,
          1,
          null,
          1,
          null,
          null,
          null,
          null,
          null,
          1,
          4,
          4,
          null,
          4,
          4,
          null,
          4,
          null,
          2,
          2,
          2,
          null,
          null,
          2,
          null,
          null,
          null,
          2,
          1,
          1,
          1,
          null,
          1,
          1,
          null,
          1,
          null,
          null,
          null,
          null,
          null,
          1,
          null,
          null,
          null,
          null,
          4,
          4,
          4,
          null,
          4,
          4,
          null,
          null,
          null,
          null,
          null,
          1,
          null,
          1,
          8,
          null,
          null,
          1,
          1,
          null,
          null,
          1,
          3,
          null,
          null,
          null,
          null,
          null,
          null,
          null,
          1,
          3,
          null,
          3,
          null,
          1,
          1,
          null,
          null,
          1,
          1,
          1,
          1,
          null,
          null,
          1,
          1,
          null,
          null,
          1,
          null,
          0,
          0,
          null,
          null,
          null,
          null,
          1,
          2,
          2,
          null,
          2,
          2,
          null,
          null,
          null,
          2,
          1,
          1,
          1,
          null,
          1,
          null,
          null,
          null,
          1,
          null,
          1,
          null,
          null,
          null,
          null,
          null,
          1,
          null,
          null,
          null,
          2,
          null,
          null,
          1,
          null,
          2,
          null,
          null,
          null,
          null,
          null,
          null,
          null,
          null,
          1,
          2,
          null,
          2,
          null,
          1,
          null,
          1,
          null,
          0,
          null,
          null,
          null,
          null
        ],
        "branches": {
          "[:if, 0, 23, 8, 32, 11]": {
            "[:then, 1, 24, 10, 27, 29]": 2,
            "[:else, 2, 29, 10, 31, 42]": 1
          },
          "[:if, 3, 37, 20, 39, 55]": {
            "[:then, 4, 38, 20, 38, 51]": 1,
            "[:else, 5, 39, 20, 39, 55]": 0
          },
          "[:unless, 6, 54, 10, 54, 44]": {
            "[:else, 7, 54, 10, 54, 44]": 4,
            "[:then, 8, 54, 10, 54, 14]": 0
          },
          "[:case, 9, 56, 10, 83, 13]": {
            "[:when, 10, 58, 12, 60, 43]": 2,
            "[:when, 11, 63, 12, 82, 15]": 2,
            "[:else, 12, 56, 10, 83, 13]": 0
          },
          "[:if, 13, 67, 12, 82, 15]": {
            "[:then, 14, 68, 14, 73, 31]": 1,
            "[:else, 15, 75, 14, 81, 30]": 1
          },
          "[:if, 16, 87, 8, 87, 76]": {
            "[:then, 17, 87, 8, 87, 57]": 2,
            "[:else, 18, 87, 8, 87, 76]": 2
          },
          "[:if, 19, 88, 8, 88, 75]": {
            "[:then, 20, 88, 8, 88, 55]": 2,
            "[:else, 21, 88, 8, 88, 75]": 2
          },
          "[:if, 22, 91, 19, 91, 90]": {
            "[:then, 23, 91, 40, 91, 64]": 4,
            "[:else, 24, 91, 67, 91, 90]": 0
          },
          "[:case, 25, 119, 8, 140, 11]": {
            "[:when, 26, 121, 10, 122, 44]": 1,
            "[:when, 27, 125, 10, 139, 13]": 1,
            "[:else, 28, 119, 8, 140, 11]": 1
          },
          "[:if, 29, 125, 10, 139, 13]": {
            "[:then, 30, 126, 12, 135, 44]": 1,
            "[:else, 31, 137, 12, 138, 44]": 0
          },
          "[:if, 32, 127, 14, 127, 106]": {
            "[:then, 33, 127, 14, 127, 67]": 1,
            "[:else, 34, 127, 14, 127, 106]": 0
          },
          "[:\"&.\", 35, 127, 34, 127, 67]": {
            "[:then, 36, 127, 34, 127, 67]": 1,
            "[:else, 37, 127, 34, 127, 67]": 0
          },
          "[:if, 38, 128, 14, 128, 83]": {
            "[:then, 39, 128, 14, 128, 42]": 0,
            "[:else, 40, 128, 14, 128, 83]": 1
          },
          "[:if, 41, 131, 12, 133, 15]": {
            "[:then, 42, 132, 14, 132, 69]": 1,
            "[:else, 43, 131, 12, 133, 15]": 0
          },
          "[:if, 44, 152, 10, 170, 13]": {
            "[:then, 45, 153, 12, 161, 23]": 1,
            "[:else, 46, 163, 12, 169, 22]": 1
          },
          "[:unless, 47, 188, 8, 188, 35]": {
            "[:else, 48, 188, 8, 188, 35]": 2,
            "[:then, 49, 188, 8, 188, 18]": 0
          },
          "[:case, 50, 190, 8, 197, 11]": {
            "[:when, 51, 192, 10, 192, 70]": 1,
            "[:when, 52, 194, 10, 194, 106]": 1,
            "[:else, 53, 196, 10, 196, 13]": 0
          }
        }
      },
      "/home/ananya.p/meal_planner/app/controllers/api/v1/meal_plans_controller.rb": {
        "lines": [
          null,
          1,
          1,
          1,
          null,
          1,
          null,
          null,
          1,
          2,
          2,
          null,
          2,
          null,
          null,
          null,
          null,
          null,
          null,
          null,
          null,
          null,
          null,
          null,
          null,
          null,
          null,
          null,
          1,
          1,
          null,
          null,
          1,
          1,
          null,
          null,
          null,
          1,
          null,
          1,
          null,
          null,
          null,
          null,
          2,
          null,
          null,
          1,
          1,
          1,
          null,
          1,
          null,
          null,
          null,
          null,
          1,
          null,
          1,
          1,
          1,
          0,
          null,
          null,
          null,
          null,
          null,
          1,
          null,
          1,
          null,
          null,
          null,
          null,
          null,
          null,
          null,
          null,
          null,
          1,
          null,
          null,
          null,
          null,
          null,
          null,
          null,
          null,
          null,
          null,
          null,
          null,
          null,
          null,
          null,
          1,
          2,
          1,
          1,
          null,
          1,
          null,
          null,
          null,
          null,
          1,
          null,
          1,
          3,
          null,
          null,
          1,
          1,
          null,
          null,
          null
        ],
        "branches": {
          "[:if, 0, 57, 19, 62, 15]": {
            "[:then, 1, 57, 36, 62, 9]": 1,
            "[:else, 2, 62, 12, 62, 15]": 0
          },
          "[:if, 3, 59, 17, 59, 80]": {
            "[:then, 4, 59, 54, 59, 74]": 1,
            "[:else, 5, 59, 77, 59, 80]": 0
          },
          "[:if, 6, 60, 21, 60, 92]": {
            "[:then, 7, 60, 62, 60, 86]": 0,
            "[:else, 8, 60, 89, 60, 92]": 1
          },
          "[:if, 9, 61, 20, 61, 89]": {
            "[:then, 10, 61, 60, 61, 83]": 0,
            "[:else, 11, 61, 86, 61, 89]": 1
          },
          "[:if, 12, 97, 8, 103, 11]": {
            "[:then, 13, 98, 10, 99, 26]": 1,
            "[:else, 14, 101, 10, 102, 35]": 1
          }
        }
      },
      "/home/ananya.p/meal_planner/app/controllers/api/v1/shopping_list_items_controller.rb": {
        "lines": [
          null,
          1,
          1,
          1,
          1,
          null,
          null,
          1,
          2,
          null,
          null,
          null,
          2,
          null,
          2,
          null,
          null,
          2,
          null,
          null,
          null,
          null,
          null,
          null,
          2,
          null,
          null,
          null,
          null,
          null,
          null,
          null,
          null,
          null,
          null,
          null,
          null,
          null,
          null,
          null,
          null,
          null,
          null,
          null,
          null,
          null,
          null,
          null,
          null,
          null,
          null,
          null,
          null,
          1,
          8,
          null,
          8,
          1,
          null,
          null,
          null,
          7,
          null,
          null,
          null,
          7,
          null,
          1,
          1,
          1,
          null,
          1,
          null,
          6,
          null,
          null,
          null,
          null,
          6,
          null,
          6,
          null,
          null,
          null,
          null,
          1,
          1,
          1,
          null,
          null,
          null,
          1,
          1,
          1,
          null,
          null,
          null,
          1,
          2,
          2,
          null,
          null,
          1,
          null,
          1,
          4,
          null,
          null,
          1,
          1,
          null,
          null,
          null,
          null,
          null,
          1,
          8,
          8,
          null,
          8,
          null,
          3,
          null,
          1,
          null,
          3,
          2,
          null,
          1,
          1,
          null,
          null,
          null,
          1,
          null,
          8,
          null,
          null,
          null,
          null,
          null,
          8,
          null,
          null,
          null,
          1,
          10,
          null,
          0,
          null,
          8,
          null,
          2,
          null,
          0,
          null,
          null,
          null,
          null
        ],
        "branches": {
          "[:if, 0, 25, 29, 25, 111]": {
            "[:then, 1, 25, 48, 25, 105]": 2,
            "[:else, 2, 25, 108, 25, 111]": 0
          },
          "[:unless, 3, 57, 8, 59, 11]": {
            "[:else, 4, 57, 8, 59, 11]": 7,
            "[:then, 5, 58, 10, 58, 96]": 1
          },
          "[:if, 6, 66, 8, 82, 11]": {
            "[:then, 7, 68, 10, 72, 67]": 1,
            "[:else, 8, 74, 10, 81, 78]": 6
          },
          "[:\"&.\", 9, 118, 22, 118, 70]": {
            "[:then, 10, 118, 22, 118, 70]": 4,
            "[:else, 11, 118, 22, 118, 70]": 4
          },
          "[:case, 12, 120, 8, 131, 11]": {
            "[:when, 13, 122, 10, 122, 65]": 3,
            "[:when, 14, 124, 10, 124, 77]": 1,
            "[:when, 15, 126, 10, 127, 56]": 3,
            "[:when, 16, 129, 10, 130, 57]": 1,
            "[:else, 17, 120, 8, 131, 11]": 0
          },
          "[:if, 18, 126, 10, 126, 42]": {
            "[:then, 19, 126, 10, 126, 20]": 1,
            "[:else, 20, 126, 10, 126, 42]": 2
          },
          "[:if, 21, 129, 10, 129, 42]": {
            "[:then, 22, 129, 10, 129, 20]": 0,
            "[:else, 23, 129, 10, 129, 42]": 1
          },
          "[:if, 24, 142, 23, 142, 105]": {
            "[:then, 25, 142, 42, 142, 99]": 8,
            "[:else, 26, 142, 102, 142, 105]": 0
          },
          "[:case, 27, 147, 8, 156, 11]": {
            "[:when, 28, 149, 10, 149, 58]": 0,
            "[:when, 29, 151, 10, 151, 66]": 8,
            "[:when, 30, 153, 10, 153, 56]": 2,
            "[:else, 31, 155, 10, 155, 13]": 0
          }
        }
      },
      "/home/ananya.p/meal_planner/app/controllers/api/v1/summaries_controller.rb": {
        "lines": [
          null,
          1,
          1,
          1,
          null,
          1,
          null,
          1,
          1,
          null,
          null,
          null,
          null,
          null,
          null,
          null,
          null,
          null,
          null,
          null,
          null,
          null,
          1,
          1,
          null,
          null,
          null,
          1,
          2,
          null,
          null,
          null,
          1,
          2,
          null,
          null,
          1,
          null,
          1,
          null,
          2,
          null,
          null,
          null,
          null,
          null,
          null,
          null,
          1,
          null,
          3,
          null,
          null,
          null,
          null,
          null,
          null,
          null,
          1,
          3,
          3,
          null,
          3,
          null,
          null,
          3,
          null,
          null,
          null,
          1,
          1,
          7,
          1,
          null,
          null,
          null,
          null,
          null,
          null,
          null
        ],
        "branches": {
          "[:if, 0, 66, 27, 66, 84]": {
            "[:then, 1, 66, 39, 66, 80]": 3,
            "[:else, 2, 66, 83, 66, 84]": 0
          },
          "[:unless, 3, 72, 8, 77, 11]": {
            "[:else, 4, 72, 8, 77, 11]": 6,
            "[:then, 5, 73, 10, 76, 31]": 1
          }
        }
      },
      "/home/ananya.p/meal_planner/app/controllers/api/v1/users_controller.rb": {
        "lines": [
          null,
          1,
          1,
          1,
          1,
          null,
          null,
          1,
          1,
          null,
          null,
          null,
          1,
          null,
          null,
          2,
          1,
          null,
          null,
          null,
          1,
          1,
          1,
          null,
          null,
          1,
          null,
          1,
          4,
          null,
          null,
          1,
          2,
          null,
          null,
          null
        ],
        "branches": {}
      },
      "/home/ananya.p/meal_planner/app/controllers/comments_controller.rb": {
        "lines": [
          1,
          1,
          1,
          4,
          4,
          4,
          4,
          4,
          null,
          null,
          null,
          1,
          2,
          2,
          2,
          2,
          null,
          1,
          null,
          1,
          null,
          null,
          null,
          null,
          null,
          4,
          16,
          4,
          null,
          null,
          null,
          null,
          1,
          4,
          null
        ],
        "branches": {
          "[:if, 0, 27, 6, 29, 9]": {
            "[:then, 1, 28, 8, 28, 56]": 4,
            "[:else, 2, 27, 6, 29, 9]": 12
          }
        }
      },
      "/home/ananya.p/meal_planner/app/controllers/meal_plan_items_controller.rb": {
        "lines": [
          1,
          1,
          null,
          1,
          null,
          5,
          5,
          null,
          null,
          5,
          null,
          null,
          4,
          3,
          3,
          null,
          3,
          null,
          null,
          null,
          1,
          1,
          1,
          null,
          null,
          null,
          1,
          1,
          null,
          null,
          null,
          1,
          2,
          2,
          2,
          2,
          null,
          null,
          null,
          1,
          2,
          2,
          null,
          2,
          2,
          null,
          2,
          null,
          1,
          1,
          1,
          null,
          null,
          null,
          1,
          null,
          null,
          null,
          1,
          null,
          1,
          1,
          1,
          null,
          1,
          1,
          null,
          null,
          0,
          null,
          null,
          null,
          null,
          null,
          0,
          null,
          null,
          null,
          null,
          2,
          2,
          2,
          null,
          2,
          2,
          null,
          null,
          1,
          null,
          null,
          1,
          null,
          1,
          1,
          1,
          null,
          1,
          null,
          1,
          null,
          null,
          null,
          1,
          null,
          1,
          1,
          1,
          null,
          null,
          1,
          null,
          null,
          1,
          null,
          null,
          0,
          null,
          null,
          null,
          null,
          null,
          0,
          null,
          null,
          null,
          1,
          null,
          null,
          null,
          1,
          9,
          null,
          null,
          1,
          5,
          null,
          null,
          null,
          null,
          null,
          null,
          null,
          1,
          5,
          null,
          5,
          null,
          2,
          2,
          null,
          null,
          2,
          null,
          2,
          1,
          1,
          null,
          null,
          null,
          2,
          2,
          null,
          null,
          2,
          null,
          null,
          0,
          0,
          null,
          null,
          null,
          null,
          1,
          2,
          2,
          2,
          2,
          2,
          null,
          2,
          null,
          null,
          0,
          null
        ],
        "branches": {
          "[:if, 0, 10, 4, 29, 7]": {
            "[:then, 1, 13, 6, 24, 9]": 4,
            "[:else, 2, 27, 6, 28, 30]": 1
          },
          "[:if, 3, 13, 6, 24, 9]": {
            "[:then, 4, 14, 8, 18, 66]": 3,
            "[:else, 5, 21, 8, 23, 63]": 1
          },
          "[:\"&.\", 6, 14, 15, 14, 52]": {
            "[:then, 7, 14, 15, 14, 52]": 3,
            "[:else, 8, 14, 15, 14, 52]": 0
          },
          "[:\"&.\", 9, 15, 15, 15, 68]": {
            "[:then, 10, 15, 15, 15, 68]": 3,
            "[:else, 11, 15, 15, 15, 68]": 0
          },
          "[:if, 12, 34, 16, 34, 103]": {
            "[:then, 13, 34, 54, 34, 75]": 1,
            "[:else, 14, 34, 78, 34, 103]": 1
          },
          "[:unless, 15, 45, 4, 45, 38]": {
            "[:else, 16, 45, 4, 45, 38]": 2,
            "[:then, 17, 45, 4, 45, 8]": 0
          },
          "[:case, 18, 47, 4, 77, 7]": {
            "[:when, 19, 49, 6, 51, 37]": 1,
            "[:when, 20, 55, 6, 76, 9]": 1,
            "[:else, 21, 47, 4, 77, 7]": 0
          },
          "[:if, 22, 59, 6, 76, 9]": {
            "[:then, 23, 61, 8, 66, 25]": 1,
            "[:else, 24, 69, 8, 75, 24]": 0
          },
          "[:if, 25, 81, 2, 81, 64]": {
            "[:then, 26, 81, 2, 81, 45]": 0,
            "[:else, 27, 81, 2, 81, 64]": 2
          },
          "[:if, 28, 82, 2, 82, 63]": {
            "[:then, 29, 82, 2, 82, 43]": 2,
            "[:else, 30, 82, 2, 82, 63]": 0
          },
          "[:if, 31, 85, 22, 85, 118]": {
            "[:then, 32, 85, 37, 85, 87]": 2,
            "[:else, 33, 85, 90, 85, 118]": 0
          },
          "[:if, 34, 103, 4, 123, 7]": {
            "[:then, 35, 105, 6, 113, 17]": 1,
            "[:else, 36, 116, 6, 122, 16]": 0
          },
          "[:case, 37, 146, 4, 170, 7]": {
            "[:when, 38, 148, 6, 149, 40]": 2,
            "[:when, 39, 152, 6, 169, 9]": 2,
            "[:else, 40, 146, 4, 170, 7]": 1
          },
          "[:if, 41, 152, 6, 169, 9]": {
            "[:then, 42, 154, 8, 164, 40]": 2,
            "[:else, 43, 167, 8, 168, 40]": 0
          },
          "[:if, 44, 155, 12, 155, 104]": {
            "[:then, 45, 155, 12, 155, 65]": 1,
            "[:else, 46, 155, 12, 155, 104]": 0
          },
          "[:\"&.\", 47, 155, 32, 155, 65]": {
            "[:then, 48, 155, 32, 155, 65]": 1,
            "[:else, 49, 155, 32, 155, 65]": 0
          },
          "[:if, 50, 156, 12, 156, 81]": {
            "[:then, 51, 156, 12, 156, 40]": 0,
            "[:else, 52, 156, 12, 156, 81]": 1
          },
          "[:if, 53, 160, 8, 162, 11]": {
            "[:then, 54, 161, 10, 161, 65]": 2,
            "[:else, 55, 160, 8, 162, 11]": 0
          }
        }
      },
      "/home/ananya.p/meal_planner/app/controllers/meal_plans_controller.rb": {
        "lines": [
          1,
          1,
          1,
          null,
          1,
          1,
          1,
          null,
          null,
          1,
          3,
          null,
          3,
          2,
          null,
          1,
          1,
          null,
          null,
          null,
          1,
          null,
          1,
          1,
          1,
          null,
          1,
          null,
          null,
          null,
          null,
          1,
          1,
          null,
          null,
          1,
          4,
          2,
          2,
          null,
          2,
          null,
          null,
          null,
          1,
          null,
          1,
          5,
          null,
          null,
          1,
          3,
          null
        ],
        "branches": {
          "[:if, 0, 13, 4, 18, 7]": {
            "[:then, 1, 14, 6, 14, 71]": 2,
            "[:else, 2, 16, 6, 17, 19]": 1
          },
          "[:if, 3, 37, 4, 42, 7]": {
            "[:then, 4, 38, 6, 39, 76]": 2,
            "[:else, 5, 41, 6, 41, 84]": 2
          }
        }
      },
      "/home/ananya.p/meal_planner/app/controllers/role_selections_controller.rb": {
        "lines": [
          null,
          1,
          1,
          1,
          null,
          1,
          null,
          4,
          1,
          1,
          null,
          null,
          null,
          3,
          null,
          null,
          1,
          5,
          1,
          1,
          1,
          null,
          null,
          4,
          1,
          1,
          1,
          null,
          null,
          3,
          null,
          2,
          null,
          2,
          1,
          null,
          1,
          null,
          null,
          1,
          1,
          null,
          null
        ],
        "branches": {
          "[:if, 0, 8, 4, 11, 7]": {
            "[:then, 1, 9, 6, 10, 12]": 1,
            "[:else, 2, 8, 4, 11, 7]": 3
          },
          "[:if, 3, 18, 4, 22, 7]": {
            "[:then, 4, 19, 6, 21, 12]": 1,
            "[:else, 5, 18, 4, 22, 7]": 4
          },
          "[:unless, 6, 24, 4, 28, 7]": {
            "[:else, 7, 24, 4, 28, 7]": 3,
            "[:then, 8, 25, 6, 27, 12]": 1
          },
          "[:if, 9, 30, 4, 42, 7]": {
            "[:then, 10, 32, 6, 38, 9]": 2,
            "[:else, 11, 40, 6, 41, 41]": 1
          },
          "[:if, 12, 34, 6, 38, 9]": {
            "[:then, 13, 35, 8, 35, 125]": 1,
            "[:else, 14, 37, 8, 37, 113]": 1
          }
        }
      },
      "/home/ananya.p/meal_planner/app/controllers/shopping_list_items_controller.rb": {
        "lines": [
          1,
          1,
          1,
          1,
          null,
          1,
          6,
          null,
          6,
          5,
          null,
          null,
          null,
          5,
          null,
          1,
          1,
          null,
          1,
          1,
          null,
          0,
          null,
          null,
          null,
          null,
          4,
          null,
          null,
          null,
          null,
          null,
          4,
          3,
          null,
          1,
          null,
          null,
          null,
          1,
          null,
          null,
          null,
          1,
          1,
          null,
          null,
          1,
          2,
          1,
          null,
          1,
          null,
          null,
          null,
          1,
          1,
          1,
          null,
          null,
          1,
          1,
          1,
          null,
          null,
          1,
          null,
          1,
          3,
          null,
          null,
          1,
          2,
          null,
          1,
          1,
          1,
          null,
          null,
          1,
          6,
          6,
          null,
          6,
          null,
          2,
          null,
          1,
          null,
          2,
          1,
          null,
          1,
          1,
          null,
          null,
          null
        ],
        "branches": {
          "[:if, 0, 9, 2, 41, 5]": {
            "[:then, 1, 10, 4, 38, 5]": 5,
            "[:else, 2, 40, 4, 40, 82]": 1
          },
          "[:if, 3, 14, 4, 38, 5]": {
            "[:then, 4, 16, 6, 23, 9]": 1,
            "[:else, 5, 27, 4, 37, 7]": 4
          },
          "[:if, 6, 19, 6, 23, 9]": {
            "[:then, 7, 20, 8, 20, 100]": 1,
            "[:else, 8, 22, 8, 22, 77]": 0
          },
          "[:if, 9, 33, 4, 37, 7]": {
            "[:then, 10, 34, 6, 34, 82]": 3,
            "[:else, 11, 36, 6, 36, 72]": 1
          },
          "[:if, 12, 49, 4, 53, 7]": {
            "[:then, 13, 50, 6, 50, 80]": 1,
            "[:else, 14, 52, 6, 52, 75]": 1
          },
          "[:\"&.\", 15, 82, 16, 82, 64]": {
            "[:then, 16, 82, 16, 82, 64]": 3,
            "[:else, 17, 82, 16, 82, 64]": 3
          },
          "[:case, 18, 84, 2, 95, 5]": {
            "[:when, 19, 86, 4, 86, 59]": 2,
            "[:when, 20, 88, 4, 88, 71]": 1,
            "[:when, 21, 90, 4, 91, 50]": 2,
            "[:when, 22, 93, 4, 94, 51]": 1,
            "[:else, 23, 84, 2, 95, 5]": 0
          },
          "[:if, 24, 90, 4, 90, 36]": {
            "[:then, 25, 90, 4, 90, 14]": 1,
            "[:else, 26, 90, 4, 90, 36]": 1
          },
          "[:if, 27, 93, 4, 93, 36]": {
            "[:then, 28, 93, 4, 93, 14]": 0,
            "[:else, 29, 93, 4, 93, 36]": 1
          }
        }
      },
      "/home/ananya.p/meal_planner/app/controllers/summaries_controller.rb": {
        "lines": [
          1,
          1,
          null,
          1,
          null,
          1,
          1,
          1,
          null,
          1,
          1,
          1,
          1,
          null,
          null,
          null,
          1,
          null,
          1,
          null,
          null,
          null,
          1,
          null,
          1,
          null,
          null,
          null,
          1,
          null,
          2,
          null,
          null,
          null,
          null,
          1,
          null,
          1,
          2,
          2,
          2,
          null,
          null,
          null,
          null,
          null,
          2,
          2,
          null,
          null,
          null,
          null,
          null,
          null,
          1,
          2,
          2,
          2,
          null,
          2,
          null,
          null,
          null,
          null,
          null,
          null,
          2,
          null,
          null,
          null,
          null,
          2,
          null,
          null,
          null,
          null,
          null,
          null,
          null,
          1,
          3,
          3,
          3,
          3,
          2,
          null,
          3,
          null,
          3,
          null,
          null,
          null,
          2,
          null,
          null,
          2,
          2,
          2,
          null,
          null,
          3,
          null,
          null,
          null,
          null,
          null
        ],
        "branches": {
          "[:if, 0, 84, 32, 85, 101]": {
            "[:then, 1, 85, 33, 85, 97]": 2,
            "[:else, 2, 85, 100, 85, 101]": 1
          }
        }
      },
      "/home/ananya.p/meal_planner/app/controllers/tokens_controller.rb": {
        "lines": [
          null,
          null,
          1,
          1,
          null,
          null,
          null,
          1,
          2,
          1,
          1,
          null,
          null,
          null,
          null,
          null,
          null,
          null,
          null,
          1,
          null,
          null,
          null,
          null,
          null,
          1,
          3,
          null,
          3,
          1,
          1,
          null,
          null,
          null,
          null,
          null,
          null,
          null,
          null,
          2,
          null,
          null,
          null,
          null,
          null,
          1,
          3,
          1,
          1,
          null,
          2,
          null,
          null,
          null,
          1,
          null,
          1,
          null,
          2,
          2,
          2,
          2,
          null,
          null,
          null,
          2,
          null,
          null,
          null,
          null,
          null,
          null,
          null,
          null,
          1,
          4,
          null,
          null,
          null
        ],
        "branches": {
          "[:if, 0, 9, 4, 21, 7]": {
            "[:then, 1, 10, 6, 18, 7]": 1,
            "[:else, 2, 20, 6, 20, 89]": 1
          },
          "[:\"&.\", 3, 29, 7, 29, 47]": {
            "[:then, 4, 29, 7, 29, 47]": 2,
            "[:else, 5, 29, 7, 29, 47]": 1
          },
          "[:if, 6, 29, 4, 41, 7]": {
            "[:then, 7, 30, 6, 38, 7]": 1,
            "[:else, 8, 40, 6, 40, 80]": 2
          },
          "[:if, 9, 47, 4, 52, 7]": {
            "[:then, 10, 48, 6, 49, 60]": 1,
            "[:else, 11, 51, 6, 51, 73]": 2
          },
          "[:\"&.\", 12, 77, 13, 77, 57]": {
            "[:then, 13, 77, 13, 77, 57]": 2,
            "[:else, 14, 77, 13, 77, 57]": 1
          },
          "[:\"&.\", 15, 77, 13, 77, 63]": {
            "[:then, 16, 77, 13, 77, 63]": 2,
            "[:else, 17, 77, 13, 77, 63]": 1
          }
        }
      },
      "/home/ananya.p/meal_planner/app/controllers/users_controller.rb": {
        "lines": [
          1,
          1,
          1,
          1,
          null,
          null,
          1,
          null,
          null,
          1,
          3,
          2,
          null,
          1,
          null,
          null,
          null,
          1,
          3,
          3,
          3,
          null,
          null,
          1,
          null,
          1,
          8,
          null,
          null,
          1,
          3,
          null,
          null
        ],
        "branches": {
          "[:if, 0, 11, 4, 15, 7]": {
            "[:then, 1, 12, 6, 12, 70]": 2,
            "[:else, 2, 14, 6, 14, 49]": 1
          }
        }
      },
      "/home/ananya.p/meal_planner/app/controllers/pages_controller.rb": {
        "lines": [
          0,
          0,
          0,
          0,
          0
        ],
        "branches": {}
      },
      "/home/ananya.p/meal_planner/app/jobs/application_job.rb": {
        "lines": [
          0,
          null,
          null,
          null,
          null,
          null,
          0
        ],
        "branches": {}
      },
      "/home/ananya.p/meal_planner/app/mailers/application_mailer.rb": {
        "lines": [
          0,
          0,
          0,
          0
        ],
        "branches": {}
      }
    },
    "timestamp": 1768910004
  }
}
